<?xml version="1.0" encoding="UTF-8"?>
<testng-results ignored="0" total="2" passed="1" failed="1" skipped="0">
  <reporter-output>
  </reporter-output>
  <suite started-at="2022-04-23T17:28:19 IST" name="Default suite" finished-at="2022-04-23T17:28:42 IST" duration-ms="22887">
    <groups>
    </groups>
    <test started-at="2022-04-23T17:28:19 IST" name="Default test" finished-at="2022-04-23T17:28:42 IST" duration-ms="22887">
      <class name="com.auto.crmpacakge.FreeCRMTest">
        <test-method is-config="true" signature="setExtent()[pri:0, instance:com.auto.crmpacakge.FreeCRMTest@1e04fa0a]" started-at="2022-04-23T17:28:19 IST" name="setExtent" finished-at="2022-04-23T17:28:19 IST" duration-ms="413" status="PASS">
          <reporter-output>
          </reporter-output>
        </test-method> <!-- setExtent -->
        <test-method is-config="true" signature="beforeclass()[pri:0, instance:com.auto.crmpacakge.FreeCRMTest@1e04fa0a]" started-at="2022-04-23T17:28:19 IST" name="beforeclass" finished-at="2022-04-23T17:28:19 IST" duration-ms="1" status="PASS">
          <reporter-output>
          </reporter-output>
        </test-method> <!-- beforeclass -->
        <test-method is-config="true" signature="setup()[pri:0, instance:com.auto.crmpacakge.FreeCRMTest@1e04fa0a]" started-at="2022-04-23T17:28:19 IST" name="setup" finished-at="2022-04-23T17:28:28 IST" duration-ms="8452" status="PASS">
          <reporter-output>
          </reporter-output>
        </test-method> <!-- setup -->
        <test-method signature="freeCrmTitleTest()[pri:0, instance:com.auto.crmpacakge.FreeCRMTest@1e04fa0a]" started-at="2022-04-23T17:28:28 IST" name="freeCrmTitleTest" finished-at="2022-04-23T17:28:28 IST" duration-ms="153" status="FAIL">
          <exception class="java.lang.AssertionError">
            <message>
              <![CDATA[expected [#1 Free CRM for Any Business: Online Customer Relationship Software123] but found [Free CRM software for customer relationship management, sales, marketing campaigns and support.]]]>
            </message>
            <full-stacktrace>
              <![CDATA[java.lang.AssertionError: expected [#1 Free CRM for Any Business: Online Customer Relationship Software123] but found [Free CRM software for customer relationship management, sales, marketing campaigns and support.]
at org.testng.Assert.fail(Assert.java:99)
at org.testng.Assert.failNotEquals(Assert.java:1037)
at org.testng.Assert.assertEqualsImpl(Assert.java:140)
at org.testng.Assert.assertEquals(Assert.java:122)
at org.testng.Assert.assertEquals(Assert.java:629)
at org.testng.Assert.assertEquals(Assert.java:639)
at com.auto.crmpacakge.FreeCRMTest.freeCrmTitleTest(FreeCRMTest.java:104)
at java.base/jdk.internal.reflect.NativeMethodAccessorImpl.invoke0(Native Method)
at java.base/jdk.internal.reflect.NativeMethodAccessorImpl.invoke(NativeMethodAccessorImpl.java:78)
at java.base/jdk.internal.reflect.DelegatingMethodAccessorImpl.invoke(DelegatingMethodAccessorImpl.java:43)
at java.base/java.lang.reflect.Method.invoke(Method.java:567)
at org.testng.internal.MethodInvocationHelper.invokeMethod(MethodInvocationHelper.java:133)
at org.testng.internal.TestInvoker.invokeMethod(TestInvoker.java:598)
at org.testng.internal.TestInvoker.invokeTestMethod(TestInvoker.java:173)
at org.testng.internal.MethodRunner.runInSequence(MethodRunner.java:46)
at org.testng.internal.TestInvoker$MethodInvocationAgent.invoke(TestInvoker.java:824)
at org.testng.internal.TestInvoker.invokeTestMethods(TestInvoker.java:146)
at org.testng.internal.TestMethodWorker.invokeTestMethods(TestMethodWorker.java:146)
at org.testng.internal.TestMethodWorker.run(TestMethodWorker.java:128)
at java.base/java.util.ArrayList.forEach(ArrayList.java:1511)
at org.testng.TestRunner.privateRun(TestRunner.java:794)
at org.testng.TestRunner.run(TestRunner.java:596)
at org.testng.SuiteRunner.runTest(SuiteRunner.java:377)
at org.testng.SuiteRunner.runSequentially(SuiteRunner.java:371)
at org.testng.SuiteRunner.privateRun(SuiteRunner.java:332)
at org.testng.SuiteRunner.run(SuiteRunner.java:276)
at org.testng.SuiteRunnerWorker.runSuite(SuiteRunnerWorker.java:53)
at org.testng.SuiteRunnerWorker.run(SuiteRunnerWorker.java:96)
at org.testng.TestNG.runSuitesSequentially(TestNG.java:1212)
at org.testng.TestNG.runSuitesLocally(TestNG.java:1134)
at org.testng.TestNG.runSuites(TestNG.java:1063)
at org.testng.TestNG.run(TestNG.java:1031)
at org.testng.remote.AbstractRemoteTestNG.run(AbstractRemoteTestNG.java:115)
at org.testng.remote.RemoteTestNG.initAndRun(RemoteTestNG.java:251)
at org.testng.remote.RemoteTestNG.main(RemoteTestNG.java:77)
]]>
            </full-stacktrace>
          </exception> <!-- java.lang.AssertionError -->
          <reporter-output>
          </reporter-output>
        </test-method> <!-- freeCrmTitleTest -->
        <test-method is-config="true" signature="tearDown(org.testng.ITestResult)[pri:0, instance:com.auto.crmpacakge.FreeCRMTest@1e04fa0a]" started-at="2022-04-23T17:28:28 IST" name="tearDown" finished-at="2022-04-23T17:28:30 IST" duration-ms="1973" status="PASS">
          <params>
            <param index="0">
              <value>
                <![CDATA[[TestResult name=freeCrmTitleTest status=FAILURE method=FreeCRMTest.freeCrmTitleTest()[pri:0, instance:com.auto.crmpacakge.FreeCRMTest@1e04fa0a] output={null}]]]>
              </value>
            </param>
          </params>
          <reporter-output>
          </reporter-output>
        </test-method> <!-- tearDown -->
        <test-method is-config="true" signature="setup()[pri:0, instance:com.auto.crmpacakge.FreeCRMTest@1e04fa0a]" started-at="2022-04-23T17:28:30 IST" name="setup" finished-at="2022-04-23T17:28:40 IST" duration-ms="10335" status="PASS">
          <reporter-output>
          </reporter-output>
        </test-method> <!-- setup -->
        <test-method signature="method1()[pri:0, instance:com.auto.crmpacakge.FreeCRMTest@1e04fa0a]" started-at="2022-04-23T17:28:40 IST" name="method1" finished-at="2022-04-23T17:28:40 IST" duration-ms="9" status="PASS">
          <reporter-output>
          </reporter-output>
        </test-method> <!-- method1 -->
        <test-method is-config="true" signature="tearDown(org.testng.ITestResult)[pri:0, instance:com.auto.crmpacakge.FreeCRMTest@1e04fa0a]" started-at="2022-04-23T17:28:40 IST" name="tearDown" finished-at="2022-04-23T17:28:41 IST" duration-ms="955" status="PASS">
          <params>
            <param index="0">
              <value>
                <![CDATA[[TestResult name=method1 status=SUCCESS method=FreeCRMTest.method1()[pri:0, instance:com.auto.crmpacakge.FreeCRMTest@1e04fa0a] output={null}]]]>
              </value>
            </param>
          </params>
          <reporter-output>
          </reporter-output>
        </test-method> <!-- tearDown -->
        <test-method is-config="true" signature="afterclass()[pri:0, instance:com.auto.crmpacakge.FreeCRMTest@1e04fa0a]" started-at="2022-04-23T17:28:41 IST" name="afterclass" finished-at="2022-04-23T17:28:41 IST" duration-ms="0" status="PASS">
          <reporter-output>
          </reporter-output>
        </test-method> <!-- afterclass -->
        <test-method is-config="true" signature="endReport()[pri:0, instance:com.auto.crmpacakge.FreeCRMTest@1e04fa0a]" started-at="2022-04-23T17:28:41 IST" name="endReport" finished-at="2022-04-23T17:28:42 IST" duration-ms="500" status="PASS">
          <reporter-output>
          </reporter-output>
        </test-method> <!-- endReport -->
      </class> <!-- com.auto.crmpacakge.FreeCRMTest -->
    </test> <!-- Default test -->
  </suite> <!-- Default suite -->
</testng-results>
